<?xml version="1.0" encoding="UTF-8"?>
<!-- Generated by org.testng.reporters.JUnitXMLReporter -->
<testsuite ignored="0" hostname="recep-mbp" failures="0" tests="2" name="NegativeTest" time="26.769" errors="0" timestamp="01 Nis 2019 11:51:55 GMT">
  <testcase classname="com.herokuapp.theinternet.NegativeTests" name="incorrectUsernameTest" time="12.304"/>
  <testcase classname="com.herokuapp.theinternet.NegativeTests" name="incorrectPasswordTest" time="14.455"/>
</testsuite> <!-- NegativeTest -->
