<?xml version="1.0" encoding="UTF-8"?>
<!-- Generated by org.testng.reporters.JUnitXMLReporter -->
<testsuite ignored="0" hostname="recep-mbp" failures="0" tests="2" name="NegativeTest" time="27.392" errors="0" timestamp="31 Mar 2019 18:50:43 GMT">
  <testcase classname="com.herokuapp.theinternet.NegativeTests" name="incorrectPasswordTest" time="15.168"/>
  <testcase classname="com.herokuapp.theinternet.NegativeTests" name="incorrectUsernameTest" time="12.216"/>
</testsuite> <!-- NegativeTest -->
