<?xml version="1.0" encoding="UTF-8"?>
<!-- Generated by org.testng.reporters.JUnitXMLReporter -->
<testsuite ignored="0" hostname="recep-mbp" failures="0" tests="2" name="Default test" time="25.226" errors="0" timestamp="30 Mar 2019 19:06:56 GMT">
  <testcase classname="com.herokuapp.theinternet.NegativeTests" name="incorrectPasswordTest" time="12.931"/>
  <testcase classname="com.herokuapp.theinternet.NegativeTests" name="incorrectUsernameTest" time="12.253"/>
</testsuite> <!-- Default test -->
