<?xml version="1.0" encoding="UTF-8"?>
<testng-results ignored="0" total="3" passed="3" failed="0" skipped="0">
  <reporter-output>
  </reporter-output>
  <suite started-at="2019-04-01T11:51:15Z" name="FirstTestSuite" finished-at="2019-04-01T11:51:55Z" duration-ms="40197">
    <groups>
    </groups>
    <test started-at="2019-04-01T11:51:15Z" name="PositiveTest" finished-at="2019-04-01T11:51:28Z" duration-ms="13328">
      <class name="com.herokuapp.theinternet.PositiveTests">
        <test-method signature="Test()[pri:0, instance:com.herokuapp.theinternet.PositiveTests@13b6aecc]" started-at="2019-04-01T11:51:15Z" name="Test" finished-at="2019-04-01T11:51:28Z" duration-ms="13297" status="PASS">
          <reporter-output>
          </reporter-output>
        </test-method> <!-- Test -->
      </class> <!-- com.herokuapp.theinternet.PositiveTests -->
    </test> <!-- PositiveTest -->
    <test started-at="2019-04-01T11:51:28Z" name="NegativeTest" finished-at="2019-04-01T11:51:55Z" duration-ms="26769">
      <class name="com.herokuapp.theinternet.NegativeTests">
        <test-method signature="incorrectUsernameTest()[pri:1, instance:com.herokuapp.theinternet.NegativeTests@6f45df59]" started-at="2019-04-01T11:51:28Z" name="incorrectUsernameTest" finished-at="2019-04-01T11:51:40Z" duration-ms="12304" status="PASS">
          <reporter-output>
          </reporter-output>
        </test-method> <!-- incorrectUsernameTest -->
        <test-method signature="incorrectPasswordTest()[pri:2, instance:com.herokuapp.theinternet.NegativeTests@6f45df59]" started-at="2019-04-01T11:51:40Z" name="incorrectPasswordTest" finished-at="2019-04-01T11:51:55Z" duration-ms="14455" status="PASS">
          <reporter-output>
          </reporter-output>
        </test-method> <!-- incorrectPasswordTest -->
      </class> <!-- com.herokuapp.theinternet.NegativeTests -->
    </test> <!-- NegativeTest -->
  </suite> <!-- FirstTestSuite -->
</testng-results>
