<?xml version="1.0" encoding="UTF-8"?>
<testng-results ignored="1" total="2" passed="1" failed="0" skipped="0">
  <reporter-output>
  </reporter-output>
  <suite started-at="2019-04-01T06:13:17Z" name="NegativeTestSuite" finished-at="2019-04-01T06:13:33Z" duration-ms="15750">
    <groups>
      <group name="negativeTests">
        <method signature="NegativeTests.incorrectPasswordTest()[pri:2, instance:com.herokuapp.theinternet.NegativeTests@4961f6af]" name="incorrectPasswordTest" class="com.herokuapp.theinternet.NegativeTests"/>
      </group> <!-- negativeTests -->
    </groups>
    <test started-at="2019-04-01T06:13:17Z" name="NegativeTest" finished-at="2019-04-01T06:13:33Z" duration-ms="15750">
      <class name="com.herokuapp.theinternet.NegativeTests">
        <test-method signature="incorrectPasswordTest()[pri:2, instance:com.herokuapp.theinternet.NegativeTests@4961f6af]" started-at="2019-04-01T06:13:17Z" name="incorrectPasswordTest" finished-at="2019-04-01T06:13:33Z" duration-ms="15715" status="PASS">
          <reporter-output>
          </reporter-output>
        </test-method> <!-- incorrectPasswordTest -->
      </class> <!-- com.herokuapp.theinternet.NegativeTests -->
    </test> <!-- NegativeTest -->
  </suite> <!-- NegativeTestSuite -->
</testng-results>
